mode: set
github.com/hamishmorgan/gh-talk/internal/api/client.go:17.35,19.16 2 0
github.com/hamishmorgan/gh-talk/internal/api/client.go:19.16,21.3 1 0
github.com/hamishmorgan/gh-talk/internal/api/client.go:23.2,23.35 1 0
github.com/hamishmorgan/gh-talk/internal/api/client.go:27.68,29.16 2 0
github.com/hamishmorgan/gh-talk/internal/api/client.go:29.16,31.3 1 0
github.com/hamishmorgan/gh-talk/internal/api/client.go:33.2,33.35 1 0
github.com/hamishmorgan/gh-talk/internal/api/client.go:37.45,39.2 1 0
github.com/hamishmorgan/gh-talk/internal/api/client.go:42.36,44.2 1 0
github.com/hamishmorgan/gh-talk/internal/api/client.go:47.37,49.2 1 0
github.com/hamishmorgan/gh-talk/internal/api/client.go:52.128,54.16 2 0
github.com/hamishmorgan/gh-talk/internal/api/client.go:54.16,56.3 1 0
github.com/hamishmorgan/gh-talk/internal/api/client.go:57.2,57.12 1 0
github.com/hamishmorgan/gh-talk/internal/api/client.go:61.132,63.16 2 0
github.com/hamishmorgan/gh-talk/internal/api/client.go:63.16,65.3 1 0
github.com/hamishmorgan/gh-talk/internal/api/client.go:66.2,66.12 1 0
github.com/hamishmorgan/gh-talk/internal/api/errors.go:11.35,12.16 1 0
github.com/hamishmorgan/gh-talk/internal/api/errors.go:12.16,14.3 1 0
github.com/hamishmorgan/gh-talk/internal/api/errors.go:16.2,17.29 2 0
github.com/hamishmorgan/gh-talk/internal/api/errors.go:17.29,19.3 1 0
github.com/hamishmorgan/gh-talk/internal/api/errors.go:21.2,22.30 2 0
github.com/hamishmorgan/gh-talk/internal/api/errors.go:22.30,24.3 1 0
github.com/hamishmorgan/gh-talk/internal/api/errors.go:26.2,26.12 1 0
github.com/hamishmorgan/gh-talk/internal/api/errors.go:29.57,30.29 1 0
github.com/hamishmorgan/gh-talk/internal/api/errors.go:30.29,32.3 1 0
github.com/hamishmorgan/gh-talk/internal/api/errors.go:34.2,36.16 2 0
github.com/hamishmorgan/gh-talk/internal/api/errors.go:37.19,38.115 1 0
github.com/hamishmorgan/gh-talk/internal/api/errors.go:39.19,40.114 1 0
github.com/hamishmorgan/gh-talk/internal/api/errors.go:41.23,42.52 1 0
github.com/hamishmorgan/gh-talk/internal/api/errors.go:43.20,44.93 1 0
github.com/hamishmorgan/gh-talk/internal/api/errors.go:45.10,46.52 1 0
github.com/hamishmorgan/gh-talk/internal/api/errors.go:50.52,51.28 1 0
github.com/hamishmorgan/gh-talk/internal/api/errors.go:52.11,53.84 1 0
github.com/hamishmorgan/gh-talk/internal/api/errors.go:54.11,55.86 1 0
github.com/hamishmorgan/gh-talk/internal/api/errors.go:56.11,57.54 1 0
github.com/hamishmorgan/gh-talk/internal/api/errors.go:58.11,59.62 1 0
github.com/hamishmorgan/gh-talk/internal/api/errors.go:60.21,61.76 1 0
github.com/hamishmorgan/gh-talk/internal/api/errors.go:62.10,63.72 1 0
github.com/hamishmorgan/gh-talk/internal/api/hide.go:12.91,35.16 5 0
github.com/hamishmorgan/gh-talk/internal/api/hide.go:35.16,37.3 1 0
github.com/hamishmorgan/gh-talk/internal/api/hide.go:39.2,39.12 1 0
github.com/hamishmorgan/gh-talk/internal/api/hide.go:43.81,63.16 5 0
github.com/hamishmorgan/gh-talk/internal/api/hide.go:63.16,65.3 1 0
github.com/hamishmorgan/gh-talk/internal/api/hide.go:67.2,67.12 1 0
github.com/hamishmorgan/gh-talk/internal/api/hide.go:71.53,75.26 3 0
github.com/hamishmorgan/gh-talk/internal/api/hide.go:75.26,76.18 1 0
github.com/hamishmorgan/gh-talk/internal/api/hide.go:76.18,78.4 1 0
github.com/hamishmorgan/gh-talk/internal/api/hide.go:81.2,81.125 1 0
github.com/hamishmorgan/gh-talk/internal/api/mutations.go:11.82,33.16 5 0
github.com/hamishmorgan/gh-talk/internal/api/mutations.go:33.16,35.3 1 0
github.com/hamishmorgan/gh-talk/internal/api/mutations.go:37.2,37.12 1 0
github.com/hamishmorgan/gh-talk/internal/api/mutations.go:41.76,62.16 5 0
github.com/hamishmorgan/gh-talk/internal/api/mutations.go:62.16,64.3 1 0
github.com/hamishmorgan/gh-talk/internal/api/mutations.go:66.2,66.12 1 0
github.com/hamishmorgan/gh-talk/internal/api/mutations.go:70.78,91.16 5 0
github.com/hamishmorgan/gh-talk/internal/api/mutations.go:91.16,93.3 1 0
github.com/hamishmorgan/gh-talk/internal/api/mutations.go:95.2,95.12 1 0
github.com/hamishmorgan/gh-talk/internal/api/mutations.go:99.84,121.16 5 0
github.com/hamishmorgan/gh-talk/internal/api/mutations.go:121.16,123.3 1 0
github.com/hamishmorgan/gh-talk/internal/api/mutations.go:125.2,125.12 1 0
github.com/hamishmorgan/gh-talk/internal/api/mutations.go:129.87,151.16 5 0
github.com/hamishmorgan/gh-talk/internal/api/mutations.go:151.16,153.3 1 0
github.com/hamishmorgan/gh-talk/internal/api/mutations.go:155.2,155.12 1 0
github.com/hamishmorgan/gh-talk/internal/api/threads.go:12.97,64.16 4 0
github.com/hamishmorgan/gh-talk/internal/api/threads.go:64.16,66.3 1 0
github.com/hamishmorgan/gh-talk/internal/api/threads.go:69.2,70.72 2 0
github.com/hamishmorgan/gh-talk/internal/api/threads.go:70.72,84.23 2 0
github.com/hamishmorgan/gh-talk/internal/api/threads.go:84.23,86.4 1 0
github.com/hamishmorgan/gh-talk/internal/api/threads.go:87.3,87.28 1 0
github.com/hamishmorgan/gh-talk/internal/api/threads.go:87.28,89.4 1 0
github.com/hamishmorgan/gh-talk/internal/api/threads.go:91.3,91.29 1 0
github.com/hamishmorgan/gh-talk/internal/api/threads.go:91.29,95.4 1 0
github.com/hamishmorgan/gh-talk/internal/api/threads.go:98.3,99.41 2 0
github.com/hamishmorgan/gh-talk/internal/api/threads.go:99.41,109.25 2 0
github.com/hamishmorgan/gh-talk/internal/api/threads.go:109.25,110.68 1 0
github.com/hamishmorgan/gh-talk/internal/api/threads.go:110.68,112.6 1 0
github.com/hamishmorgan/gh-talk/internal/api/threads.go:116.4,117.40 2 0
github.com/hamishmorgan/gh-talk/internal/api/threads.go:117.40,118.32 1 0
github.com/hamishmorgan/gh-talk/internal/api/threads.go:118.32,126.6 1 0
github.com/hamishmorgan/gh-talk/internal/api/threads.go:129.4,129.54 1 0
github.com/hamishmorgan/gh-talk/internal/api/threads.go:132.3,132.36 1 0
github.com/hamishmorgan/gh-talk/internal/api/threads.go:135.2,135.21 1 0
github.com/hamishmorgan/gh-talk/main.go:5.13,7.2 1 0
github.com/hamishmorgan/gh-talk/internal/commands/helpers.go:14.72,17.20 2 0
github.com/hamishmorgan/gh-talk/internal/commands/helpers.go:17.20,19.17 2 0
github.com/hamishmorgan/gh-talk/internal/commands/helpers.go:19.17,21.4 1 0
github.com/hamishmorgan/gh-talk/internal/commands/helpers.go:22.3,22.36 1 0
github.com/hamishmorgan/gh-talk/internal/commands/helpers.go:25.2,26.16 2 0
github.com/hamishmorgan/gh-talk/internal/commands/helpers.go:26.16,28.3 1 0
github.com/hamishmorgan/gh-talk/internal/commands/helpers.go:30.2,30.35 1 0
github.com/hamishmorgan/gh-talk/internal/commands/helpers.go:34.52,36.15 2 0
github.com/hamishmorgan/gh-talk/internal/commands/helpers.go:36.15,38.3 1 0
github.com/hamishmorgan/gh-talk/internal/commands/helpers.go:41.2,42.16 2 0
github.com/hamishmorgan/gh-talk/internal/commands/helpers.go:42.16,44.3 1 0
github.com/hamishmorgan/gh-talk/internal/commands/helpers.go:46.2,49.64 2 0
github.com/hamishmorgan/gh-talk/internal/commands/helpers.go:49.64,51.3 1 0
github.com/hamishmorgan/gh-talk/internal/commands/helpers.go:53.2,53.27 1 0
github.com/hamishmorgan/gh-talk/internal/commands/helpers.go:57.48,58.15 1 1
github.com/hamishmorgan/gh-talk/internal/commands/helpers.go:58.15,60.3 1 1
github.com/hamishmorgan/gh-talk/internal/commands/helpers.go:62.2,62.37 1 1
github.com/hamishmorgan/gh-talk/internal/commands/helpers.go:62.37,64.3 1 1
github.com/hamishmorgan/gh-talk/internal/commands/helpers.go:67.2,67.74 1 1
github.com/hamishmorgan/gh-talk/internal/commands/helpers.go:67.74,69.3 1 1
github.com/hamishmorgan/gh-talk/internal/commands/helpers.go:71.2,71.102 1 1
github.com/hamishmorgan/gh-talk/internal/commands/helpers.go:75.44,76.22 1 1
github.com/hamishmorgan/gh-talk/internal/commands/helpers.go:76.22,78.3 1 1
github.com/hamishmorgan/gh-talk/internal/commands/helpers.go:79.2,79.17 1 1
github.com/hamishmorgan/gh-talk/internal/commands/helpers.go:79.17,81.3 1 1
github.com/hamishmorgan/gh-talk/internal/commands/helpers.go:82.2,82.29 1 1
github.com/hamishmorgan/gh-talk/internal/commands/hide.go:48.13,50.2 1 1
github.com/hamishmorgan/gh-talk/internal/commands/hide.go:52.55,58.84 3 0
github.com/hamishmorgan/gh-talk/internal/commands/hide.go:58.84,60.3 1 0
github.com/hamishmorgan/gh-talk/internal/commands/hide.go:63.2,65.16 3 0
github.com/hamishmorgan/gh-talk/internal/commands/hide.go:65.16,67.3 1 0
github.com/hamishmorgan/gh-talk/internal/commands/hide.go:70.2,71.16 2 0
github.com/hamishmorgan/gh-talk/internal/commands/hide.go:71.16,73.3 1 0
github.com/hamishmorgan/gh-talk/internal/commands/hide.go:76.2,77.16 2 0
github.com/hamishmorgan/gh-talk/internal/commands/hide.go:77.16,79.3 1 0
github.com/hamishmorgan/gh-talk/internal/commands/hide.go:81.2,82.12 2 0
github.com/hamishmorgan/gh-talk/internal/commands/hide.go:85.57,91.84 3 0
github.com/hamishmorgan/gh-talk/internal/commands/hide.go:91.84,93.3 1 0
github.com/hamishmorgan/gh-talk/internal/commands/hide.go:96.2,97.16 2 0
github.com/hamishmorgan/gh-talk/internal/commands/hide.go:97.16,99.3 1 0
github.com/hamishmorgan/gh-talk/internal/commands/hide.go:102.2,103.16 2 0
github.com/hamishmorgan/gh-talk/internal/commands/hide.go:103.16,105.3 1 0
github.com/hamishmorgan/gh-talk/internal/commands/hide.go:107.2,108.12 2 0
github.com/hamishmorgan/gh-talk/internal/commands/list.go:39.13,54.2 8 1
github.com/hamishmorgan/gh-talk/internal/commands/list.go:56.62,61.16 3 0
github.com/hamishmorgan/gh-talk/internal/commands/list.go:61.16,63.3 1 0
github.com/hamishmorgan/gh-talk/internal/commands/list.go:66.2,67.16 2 0
github.com/hamishmorgan/gh-talk/internal/commands/list.go:67.16,69.3 1 0
github.com/hamishmorgan/gh-talk/internal/commands/list.go:72.2,73.16 2 0
github.com/hamishmorgan/gh-talk/internal/commands/list.go:73.16,75.3 1 0
github.com/hamishmorgan/gh-talk/internal/commands/list.go:78.2,79.16 2 0
github.com/hamishmorgan/gh-talk/internal/commands/list.go:79.16,81.3 1 0
github.com/hamishmorgan/gh-talk/internal/commands/list.go:84.2,86.23 2 0
github.com/hamishmorgan/gh-talk/internal/commands/list.go:86.23,89.3 2 0
github.com/hamishmorgan/gh-talk/internal/commands/list.go:92.2,92.36 1 0
github.com/hamishmorgan/gh-talk/internal/commands/list.go:95.75,103.38 6 0
github.com/hamishmorgan/gh-talk/internal/commands/list.go:103.38,105.3 1 0
github.com/hamishmorgan/gh-talk/internal/commands/list.go:107.2,108.28 2 0
github.com/hamishmorgan/gh-talk/internal/commands/list.go:108.28,110.33 1 0
github.com/hamishmorgan/gh-talk/internal/commands/list.go:110.33,111.12 1 0
github.com/hamishmorgan/gh-talk/internal/commands/list.go:113.3,113.32 1 0
github.com/hamishmorgan/gh-talk/internal/commands/list.go:113.32,114.12 1 0
github.com/hamishmorgan/gh-talk/internal/commands/list.go:118.3,118.19 1 0
github.com/hamishmorgan/gh-talk/internal/commands/list.go:118.19,120.33 2 0
github.com/hamishmorgan/gh-talk/internal/commands/list.go:120.33,121.33 1 0
github.com/hamishmorgan/gh-talk/internal/commands/list.go:121.33,123.11 2 0
github.com/hamishmorgan/gh-talk/internal/commands/list.go:126.4,126.18 1 0
github.com/hamishmorgan/gh-talk/internal/commands/list.go:126.18,127.13 1 0
github.com/hamishmorgan/gh-talk/internal/commands/list.go:132.3,132.35 1 0
github.com/hamishmorgan/gh-talk/internal/commands/list.go:132.35,133.12 1 0
github.com/hamishmorgan/gh-talk/internal/commands/list.go:136.3,136.33 1 0
github.com/hamishmorgan/gh-talk/internal/commands/list.go:139.2,139.17 1 0
github.com/hamishmorgan/gh-talk/internal/commands/list.go:142.68,147.18 3 0
github.com/hamishmorgan/gh-talk/internal/commands/list.go:147.18,148.34 1 0
github.com/hamishmorgan/gh-talk/internal/commands/list.go:148.34,150.4 1 0
github.com/hamishmorgan/gh-talk/internal/commands/list.go:150.9,152.4 1 0
github.com/hamishmorgan/gh-talk/internal/commands/list.go:155.2,155.16 1 0
github.com/hamishmorgan/gh-talk/internal/commands/list.go:156.15,157.47 1 0
github.com/hamishmorgan/gh-talk/internal/commands/list.go:158.13,159.45 1 0
github.com/hamishmorgan/gh-talk/internal/commands/list.go:160.14,161.46 1 0
github.com/hamishmorgan/gh-talk/internal/commands/list.go:162.10,163.85 1 0
github.com/hamishmorgan/gh-talk/internal/commands/list.go:167.73,181.33 10 0
github.com/hamishmorgan/gh-talk/internal/commands/list.go:181.33,191.24 5 0
github.com/hamishmorgan/gh-talk/internal/commands/list.go:191.24,193.32 2 0
github.com/hamishmorgan/gh-talk/internal/commands/list.go:193.32,195.5 1 0
github.com/hamishmorgan/gh-talk/internal/commands/list.go:197.3,208.31 6 0
github.com/hamishmorgan/gh-talk/internal/commands/list.go:208.31,210.4 1 0
github.com/hamishmorgan/gh-talk/internal/commands/list.go:211.3,213.13 2 0
github.com/hamishmorgan/gh-talk/internal/commands/list.go:216.2,216.19 1 0
github.com/hamishmorgan/gh-talk/internal/commands/list.go:219.71,232.33 9 0
github.com/hamishmorgan/gh-talk/internal/commands/list.go:232.33,240.31 7 0
github.com/hamishmorgan/gh-talk/internal/commands/list.go:240.31,242.4 1 0
github.com/hamishmorgan/gh-talk/internal/commands/list.go:243.3,244.13 2 0
github.com/hamishmorgan/gh-talk/internal/commands/list.go:247.2,247.19 1 0
github.com/hamishmorgan/gh-talk/internal/commands/list.go:250.72,254.33 2 0
github.com/hamishmorgan/gh-talk/internal/commands/list.go:254.33,257.25 2 0
github.com/hamishmorgan/gh-talk/internal/commands/list.go:257.25,259.4 1 0
github.com/hamishmorgan/gh-talk/internal/commands/list.go:260.3,260.36 1 0
github.com/hamishmorgan/gh-talk/internal/commands/list.go:262.2,263.12 2 0
github.com/hamishmorgan/gh-talk/internal/commands/list.go:266.48,267.31 1 0
github.com/hamishmorgan/gh-talk/internal/commands/list.go:267.31,269.3 1 0
github.com/hamishmorgan/gh-talk/internal/commands/list.go:272.2,273.42 2 0
github.com/hamishmorgan/gh-talk/internal/commands/list.go:273.42,274.45 1 0
github.com/hamishmorgan/gh-talk/internal/commands/list.go:274.45,277.4 2 0
github.com/hamishmorgan/gh-talk/internal/commands/list.go:280.2,280.25 1 0
github.com/hamishmorgan/gh-talk/internal/commands/list.go:280.25,282.3 1 0
github.com/hamishmorgan/gh-talk/internal/commands/list.go:285.2,286.38 2 0
github.com/hamishmorgan/gh-talk/internal/commands/list.go:286.38,288.3 1 0
github.com/hamishmorgan/gh-talk/internal/commands/list.go:290.2,290.33 1 0
github.com/hamishmorgan/gh-talk/internal/commands/list.go:293.44,294.17 1 1
github.com/hamishmorgan/gh-talk/internal/commands/list.go:295.19,296.16 1 1
github.com/hamishmorgan/gh-talk/internal/commands/list.go:297.21,298.16 1 1
github.com/hamishmorgan/gh-talk/internal/commands/list.go:299.15,300.16 1 1
github.com/hamishmorgan/gh-talk/internal/commands/list.go:301.16,302.16 1 1
github.com/hamishmorgan/gh-talk/internal/commands/list.go:303.18,304.16 1 1
github.com/hamishmorgan/gh-talk/internal/commands/list.go:305.15,306.18 1 1
github.com/hamishmorgan/gh-talk/internal/commands/list.go:307.16,308.16 1 1
github.com/hamishmorgan/gh-talk/internal/commands/list.go:309.14,310.16 1 1
github.com/hamishmorgan/gh-talk/internal/commands/list.go:311.10,312.17 1 1
github.com/hamishmorgan/gh-talk/internal/commands/react.go:42.13,44.2 1 1
github.com/hamishmorgan/gh-talk/internal/commands/react.go:46.56,53.84 4 0
github.com/hamishmorgan/gh-talk/internal/commands/react.go:53.84,55.3 1 0
github.com/hamishmorgan/gh-talk/internal/commands/react.go:58.2,59.16 2 0
github.com/hamishmorgan/gh-talk/internal/commands/react.go:59.16,61.3 1 0
github.com/hamishmorgan/gh-talk/internal/commands/react.go:64.2,65.16 2 0
github.com/hamishmorgan/gh-talk/internal/commands/react.go:65.16,67.3 1 0
github.com/hamishmorgan/gh-talk/internal/commands/react.go:70.2,71.12 2 0
github.com/hamishmorgan/gh-talk/internal/commands/react.go:71.12,73.17 2 0
github.com/hamishmorgan/gh-talk/internal/commands/react.go:73.17,75.4 1 0
github.com/hamishmorgan/gh-talk/internal/commands/react.go:76.3,77.68 2 0
github.com/hamishmorgan/gh-talk/internal/commands/react.go:78.8,80.17 2 0
github.com/hamishmorgan/gh-talk/internal/commands/react.go:80.17,82.4 1 0
github.com/hamishmorgan/gh-talk/internal/commands/react.go:83.3,84.64 2 0
github.com/hamishmorgan/gh-talk/internal/commands/react.go:87.2,87.12 1 0
github.com/hamishmorgan/gh-talk/internal/commands/react.go:91.47,134.39 4 1
github.com/hamishmorgan/gh-talk/internal/commands/react.go:134.39,136.3 1 1
github.com/hamishmorgan/gh-talk/internal/commands/react.go:139.2,141.35 3 1
github.com/hamishmorgan/gh-talk/internal/commands/react.go:141.35,142.21 1 1
github.com/hamishmorgan/gh-talk/internal/commands/react.go:142.21,144.4 1 0
github.com/hamishmorgan/gh-talk/internal/commands/react.go:147.2,147.208 1 1
github.com/hamishmorgan/gh-talk/internal/commands/reply.go:38.13,44.2 4 1
github.com/hamishmorgan/gh-talk/internal/commands/reply.go:46.56,53.19 4 0
github.com/hamishmorgan/gh-talk/internal/commands/reply.go:54.9,57.17 2 0
github.com/hamishmorgan/gh-talk/internal/commands/reply.go:57.17,59.4 1 0
github.com/hamishmorgan/gh-talk/internal/commands/reply.go:60.3,61.17 2 0
github.com/hamishmorgan/gh-talk/internal/commands/reply.go:61.17,63.4 1 0
github.com/hamishmorgan/gh-talk/internal/commands/reply.go:65.3,66.17 2 0
github.com/hamishmorgan/gh-talk/internal/commands/reply.go:66.17,68.4 1 0
github.com/hamishmorgan/gh-talk/internal/commands/reply.go:69.3,69.16 1 0
github.com/hamishmorgan/gh-talk/internal/commands/reply.go:71.9,74.17 2 0
github.com/hamishmorgan/gh-talk/internal/commands/reply.go:74.17,76.4 1 0
github.com/hamishmorgan/gh-talk/internal/commands/reply.go:77.3,77.16 1 0
github.com/hamishmorgan/gh-talk/internal/commands/reply.go:79.9,82.17 2 0
github.com/hamishmorgan/gh-talk/internal/commands/reply.go:82.17,84.4 1 0
github.com/hamishmorgan/gh-talk/internal/commands/reply.go:85.3,86.20 2 0
github.com/hamishmorgan/gh-talk/internal/commands/reply.go:90.2,90.19 1 0
github.com/hamishmorgan/gh-talk/internal/commands/reply.go:90.19,94.20 3 0
github.com/hamishmorgan/gh-talk/internal/commands/reply.go:94.20,96.4 1 0
github.com/hamishmorgan/gh-talk/internal/commands/reply.go:96.9,96.23 1 0
github.com/hamishmorgan/gh-talk/internal/commands/reply.go:96.23,98.18 2 0
github.com/hamishmorgan/gh-talk/internal/commands/reply.go:98.18,100.5 1 0
github.com/hamishmorgan/gh-talk/internal/commands/reply.go:101.4,101.17 1 0
github.com/hamishmorgan/gh-talk/internal/commands/reply.go:102.9,106.18 3 0
github.com/hamishmorgan/gh-talk/internal/commands/reply.go:106.18,108.5 1 0
github.com/hamishmorgan/gh-talk/internal/commands/reply.go:109.4,109.17 1 0
github.com/hamishmorgan/gh-talk/internal/commands/reply.go:114.2,114.19 1 0
github.com/hamishmorgan/gh-talk/internal/commands/reply.go:114.19,116.3 1 0
github.com/hamishmorgan/gh-talk/internal/commands/reply.go:119.2,120.16 2 0
github.com/hamishmorgan/gh-talk/internal/commands/reply.go:120.16,122.3 1 0
github.com/hamishmorgan/gh-talk/internal/commands/reply.go:125.2,126.16 2 0
github.com/hamishmorgan/gh-talk/internal/commands/reply.go:126.16,128.3 1 0
github.com/hamishmorgan/gh-talk/internal/commands/reply.go:130.2,134.19 3 0
github.com/hamishmorgan/gh-talk/internal/commands/reply.go:134.19,136.17 2 0
github.com/hamishmorgan/gh-talk/internal/commands/reply.go:136.17,138.4 1 0
github.com/hamishmorgan/gh-talk/internal/commands/reply.go:139.3,139.38 1 0
github.com/hamishmorgan/gh-talk/internal/commands/reply.go:142.2,142.12 1 0
github.com/hamishmorgan/gh-talk/internal/commands/reply.go:145.95,148.16 2 0
github.com/hamishmorgan/gh-talk/internal/commands/reply.go:148.16,150.3 1 0
github.com/hamishmorgan/gh-talk/internal/commands/reply.go:153.2,154.16 2 0
github.com/hamishmorgan/gh-talk/internal/commands/reply.go:154.16,156.3 1 0
github.com/hamishmorgan/gh-talk/internal/commands/reply.go:159.2,160.28 2 0
github.com/hamishmorgan/gh-talk/internal/commands/reply.go:160.28,161.20 1 0
github.com/hamishmorgan/gh-talk/internal/commands/reply.go:161.20,163.4 1 0
github.com/hamishmorgan/gh-talk/internal/commands/reply.go:166.2,166.26 1 0
github.com/hamishmorgan/gh-talk/internal/commands/reply.go:166.26,168.3 1 0
github.com/hamishmorgan/gh-talk/internal/commands/reply.go:171.2,172.31 2 0
github.com/hamishmorgan/gh-talk/internal/commands/reply.go:172.31,174.26 2 0
github.com/hamishmorgan/gh-talk/internal/commands/reply.go:174.26,176.4 1 0
github.com/hamishmorgan/gh-talk/internal/commands/reply.go:177.3,177.66 1 0
github.com/hamishmorgan/gh-talk/internal/commands/reply.go:181.2,183.16 3 0
github.com/hamishmorgan/gh-talk/internal/commands/reply.go:183.16,185.3 1 0
github.com/hamishmorgan/gh-talk/internal/commands/reply.go:187.2,187.32 1 0
github.com/hamishmorgan/gh-talk/internal/commands/reply.go:190.35,192.18 2 0
github.com/hamishmorgan/gh-talk/internal/commands/reply.go:192.18,194.3 1 0
github.com/hamishmorgan/gh-talk/internal/commands/reply.go:195.2,195.18 1 0
github.com/hamishmorgan/gh-talk/internal/commands/reply.go:195.18,197.3 1 0
github.com/hamishmorgan/gh-talk/internal/commands/reply.go:201.2,201.118 1 0
github.com/hamishmorgan/gh-talk/internal/commands/resolve.go:58.13,63.2 3 1
github.com/hamishmorgan/gh-talk/internal/commands/resolve.go:65.58,70.20 3 0
github.com/hamishmorgan/gh-talk/internal/commands/resolve.go:70.20,73.17 2 0
github.com/hamishmorgan/gh-talk/internal/commands/resolve.go:73.17,75.4 1 0
github.com/hamishmorgan/gh-talk/internal/commands/resolve.go:76.3,77.17 2 0
github.com/hamishmorgan/gh-talk/internal/commands/resolve.go:77.17,79.4 1 0
github.com/hamishmorgan/gh-talk/internal/commands/resolve.go:81.3,82.17 2 0
github.com/hamishmorgan/gh-talk/internal/commands/resolve.go:82.17,84.4 1 0
github.com/hamishmorgan/gh-talk/internal/commands/resolve.go:85.3,85.18 1 0
github.com/hamishmorgan/gh-talk/internal/commands/resolve.go:86.8,88.28 1 0
github.com/hamishmorgan/gh-talk/internal/commands/resolve.go:88.28,90.18 2 0
github.com/hamishmorgan/gh-talk/internal/commands/resolve.go:90.18,92.5 1 0
github.com/hamishmorgan/gh-talk/internal/commands/resolve.go:93.4,93.37 1 0
github.com/hamishmorgan/gh-talk/internal/commands/resolve.go:97.2,97.25 1 0
github.com/hamishmorgan/gh-talk/internal/commands/resolve.go:97.25,99.3 1 0
github.com/hamishmorgan/gh-talk/internal/commands/resolve.go:102.2,102.24 1 0
github.com/hamishmorgan/gh-talk/internal/commands/resolve.go:102.24,104.19 2 0
github.com/hamishmorgan/gh-talk/internal/commands/resolve.go:104.19,107.32 3 0
github.com/hamishmorgan/gh-talk/internal/commands/resolve.go:107.32,109.5 1 0
github.com/hamishmorgan/gh-talk/internal/commands/resolve.go:114.2,115.16 2 0
github.com/hamishmorgan/gh-talk/internal/commands/resolve.go:115.16,117.3 1 0
github.com/hamishmorgan/gh-talk/internal/commands/resolve.go:120.2,121.19 2 0
github.com/hamishmorgan/gh-talk/internal/commands/resolve.go:121.19,122.32 1 0
github.com/hamishmorgan/gh-talk/internal/commands/resolve.go:122.32,123.65 1 0
github.com/hamishmorgan/gh-talk/internal/commands/resolve.go:123.65,125.5 1 0
github.com/hamishmorgan/gh-talk/internal/commands/resolve.go:130.2,130.31 1 0
github.com/hamishmorgan/gh-talk/internal/commands/resolve.go:130.31,131.55 1 0
github.com/hamishmorgan/gh-talk/internal/commands/resolve.go:131.55,133.4 1 0
github.com/hamishmorgan/gh-talk/internal/commands/resolve.go:134.3,134.38 1 0
github.com/hamishmorgan/gh-talk/internal/commands/resolve.go:137.2,137.12 1 0
github.com/hamishmorgan/gh-talk/internal/commands/resolve.go:140.60,145.20 3 0
github.com/hamishmorgan/gh-talk/internal/commands/resolve.go:145.20,148.17 2 0
github.com/hamishmorgan/gh-talk/internal/commands/resolve.go:148.17,150.4 1 0
github.com/hamishmorgan/gh-talk/internal/commands/resolve.go:151.3,152.17 2 0
github.com/hamishmorgan/gh-talk/internal/commands/resolve.go:152.17,154.4 1 0
github.com/hamishmorgan/gh-talk/internal/commands/resolve.go:156.3,157.17 2 0
github.com/hamishmorgan/gh-talk/internal/commands/resolve.go:157.17,159.4 1 0
github.com/hamishmorgan/gh-talk/internal/commands/resolve.go:160.3,160.18 1 0
github.com/hamishmorgan/gh-talk/internal/commands/resolve.go:161.8,162.28 1 0
github.com/hamishmorgan/gh-talk/internal/commands/resolve.go:162.28,164.18 2 0
github.com/hamishmorgan/gh-talk/internal/commands/resolve.go:164.18,166.5 1 0
github.com/hamishmorgan/gh-talk/internal/commands/resolve.go:167.4,167.37 1 0
github.com/hamishmorgan/gh-talk/internal/commands/resolve.go:171.2,171.25 1 0
github.com/hamishmorgan/gh-talk/internal/commands/resolve.go:171.25,173.3 1 0
github.com/hamishmorgan/gh-talk/internal/commands/resolve.go:176.2,176.24 1 0
github.com/hamishmorgan/gh-talk/internal/commands/resolve.go:176.24,178.19 2 0
github.com/hamishmorgan/gh-talk/internal/commands/resolve.go:178.19,181.32 3 0
github.com/hamishmorgan/gh-talk/internal/commands/resolve.go:181.32,183.5 1 0
github.com/hamishmorgan/gh-talk/internal/commands/resolve.go:187.2,188.16 2 0
github.com/hamishmorgan/gh-talk/internal/commands/resolve.go:188.16,190.3 1 0
github.com/hamishmorgan/gh-talk/internal/commands/resolve.go:192.2,192.31 1 0
github.com/hamishmorgan/gh-talk/internal/commands/resolve.go:192.31,193.57 1 0
github.com/hamishmorgan/gh-talk/internal/commands/resolve.go:193.57,195.4 1 0
github.com/hamishmorgan/gh-talk/internal/commands/resolve.go:196.3,196.40 1 0
github.com/hamishmorgan/gh-talk/internal/commands/resolve.go:199.2,199.12 1 0
github.com/hamishmorgan/gh-talk/internal/commands/resolve.go:202.117,204.16 2 0
github.com/hamishmorgan/gh-talk/internal/commands/resolve.go:204.16,206.3 1 0
github.com/hamishmorgan/gh-talk/internal/commands/resolve.go:208.2,209.16 2 0
github.com/hamishmorgan/gh-talk/internal/commands/resolve.go:209.16,211.3 1 0
github.com/hamishmorgan/gh-talk/internal/commands/resolve.go:214.2,215.28 2 0
github.com/hamishmorgan/gh-talk/internal/commands/resolve.go:215.28,216.35 1 0
github.com/hamishmorgan/gh-talk/internal/commands/resolve.go:216.35,218.4 1 0
github.com/hamishmorgan/gh-talk/internal/commands/resolve.go:218.9,218.44 1 0
github.com/hamishmorgan/gh-talk/internal/commands/resolve.go:218.44,220.4 1 0
github.com/hamishmorgan/gh-talk/internal/commands/resolve.go:223.2,223.24 1 0
github.com/hamishmorgan/gh-talk/internal/commands/resolve.go:223.24,224.19 1 0
github.com/hamishmorgan/gh-talk/internal/commands/resolve.go:224.19,226.4 1 0
github.com/hamishmorgan/gh-talk/internal/commands/resolve.go:227.3,227.56 1 0
github.com/hamishmorgan/gh-talk/internal/commands/resolve.go:231.2,232.29 2 0
github.com/hamishmorgan/gh-talk/internal/commands/resolve.go:232.29,234.26 2 0
github.com/hamishmorgan/gh-talk/internal/commands/resolve.go:234.26,236.4 1 0
github.com/hamishmorgan/gh-talk/internal/commands/resolve.go:237.3,238.19 2 0
github.com/hamishmorgan/gh-talk/internal/commands/resolve.go:238.19,240.4 1 0
github.com/hamishmorgan/gh-talk/internal/commands/resolve.go:241.3,241.77 1 0
github.com/hamishmorgan/gh-talk/internal/commands/resolve.go:245.2,247.16 3 0
github.com/hamishmorgan/gh-talk/internal/commands/resolve.go:247.16,249.3 1 0
github.com/hamishmorgan/gh-talk/internal/commands/resolve.go:251.2,251.23 1 0
github.com/hamishmorgan/gh-talk/internal/commands/resolve.go:251.23,253.3 1 0
github.com/hamishmorgan/gh-talk/internal/commands/resolve.go:256.2,257.30 2 0
github.com/hamishmorgan/gh-talk/internal/commands/resolve.go:257.30,259.3 1 0
github.com/hamishmorgan/gh-talk/internal/commands/resolve.go:261.2,261.17 1 0
github.com/hamishmorgan/gh-talk/internal/commands/root.go:28.16,29.42 1 0
github.com/hamishmorgan/gh-talk/internal/commands/root.go:29.42,32.3 2 0
github.com/hamishmorgan/gh-talk/internal/commands/root.go:35.13,50.2 11 1
github.com/hamishmorgan/gh-talk/internal/commands/show.go:26.55,30.16 3 0
github.com/hamishmorgan/gh-talk/internal/commands/show.go:30.16,32.3 1 0
github.com/hamishmorgan/gh-talk/internal/commands/show.go:35.2,36.16 2 0
github.com/hamishmorgan/gh-talk/internal/commands/show.go:36.16,38.3 1 0
github.com/hamishmorgan/gh-talk/internal/commands/show.go:40.2,41.16 2 0
github.com/hamishmorgan/gh-talk/internal/commands/show.go:41.16,43.3 1 0
github.com/hamishmorgan/gh-talk/internal/commands/show.go:46.2,47.16 2 0
github.com/hamishmorgan/gh-talk/internal/commands/show.go:47.16,49.3 1 0
github.com/hamishmorgan/gh-talk/internal/commands/show.go:52.2,53.16 2 0
github.com/hamishmorgan/gh-talk/internal/commands/show.go:53.16,55.3 1 0
github.com/hamishmorgan/gh-talk/internal/commands/show.go:58.2,59.28 2 0
github.com/hamishmorgan/gh-talk/internal/commands/show.go:59.28,60.23 1 0
github.com/hamishmorgan/gh-talk/internal/commands/show.go:60.23,62.9 2 0
github.com/hamishmorgan/gh-talk/internal/commands/show.go:66.2,66.19 1 0
github.com/hamishmorgan/gh-talk/internal/commands/show.go:66.19,68.3 1 0
github.com/hamishmorgan/gh-talk/internal/commands/show.go:71.2,74.23 4 0
github.com/hamishmorgan/gh-talk/internal/commands/show.go:74.23,76.31 2 0
github.com/hamishmorgan/gh-talk/internal/commands/show.go:76.31,78.4 1 0
github.com/hamishmorgan/gh-talk/internal/commands/show.go:79.3,79.16 1 0
github.com/hamishmorgan/gh-talk/internal/commands/show.go:80.8,82.3 1 0
github.com/hamishmorgan/gh-talk/internal/commands/show.go:84.2,84.23 1 0
github.com/hamishmorgan/gh-talk/internal/commands/show.go:84.23,86.3 1 0
github.com/hamishmorgan/gh-talk/internal/commands/show.go:88.2,90.42 2 0
github.com/hamishmorgan/gh-talk/internal/commands/show.go:90.42,93.29 3 0
github.com/hamishmorgan/gh-talk/internal/commands/show.go:93.29,95.4 1 0
github.com/hamishmorgan/gh-talk/internal/commands/show.go:96.3,100.38 3 0
github.com/hamishmorgan/gh-talk/internal/commands/show.go:100.38,102.46 2 0
github.com/hamishmorgan/gh-talk/internal/commands/show.go:102.46,103.14 1 0
github.com/hamishmorgan/gh-talk/internal/commands/show.go:103.14,105.6 1 0
github.com/hamishmorgan/gh-talk/internal/commands/show.go:106.5,107.52 2 0
github.com/hamishmorgan/gh-talk/internal/commands/show.go:109.4,109.17 1 0
github.com/hamishmorgan/gh-talk/internal/commands/show.go:112.3,112.33 1 0
github.com/hamishmorgan/gh-talk/internal/commands/show.go:112.33,114.4 1 0
github.com/hamishmorgan/gh-talk/internal/commands/show.go:117.2,119.12 2 0
